-------------------------------------------------------------------------------
Test set: com.hmall.service.impl.ItemServiceImplTest
-------------------------------------------------------------------------------
Tests run: 2, Failures: 0, Errors: 2, Skipped: 0, Time elapsed: 0.491 s <<< FAILURE! - in com.hmall.service.impl.ItemServiceImplTest
testJwt  Time elapsed: 0.003 s  <<< ERROR!
java.lang.IllegalStateException: Failed to load ApplicationContext
Caused by: org.springframework.beans.factory.BeanCreationException: Error creating bean with name 'org.springframework.context.annotation.internalConfigurationAnnotationProcessor': Instantiation of bean failed; nested exception is java.lang.ClassFormatError: Unknown constant tag 97 in class file org/springframework/beans/AbstractNestablePropertyAccessor
Caused by: java.lang.ClassFormatError: Unknown constant tag 97 in class file org/springframework/beans/AbstractNestablePropertyAccessor

deductStock  Time elapsed: 0 s  <<< ERROR!
java.lang.IllegalStateException: Failed to load ApplicationContext
Caused by: org.springframework.beans.factory.BeanCreationException: Error creating bean with name 'org.springframework.context.annotation.internalConfigurationAnnotationProcessor': Instantiation of bean failed; nested exception is java.lang.ClassFormatError: Unknown constant tag 97 in class file org/springframework/beans/AbstractNestablePropertyAccessor
Caused by: java.lang.ClassFormatError: Unknown constant tag 97 in class file org/springframework/beans/AbstractNestablePropertyAccessor

